build/app/outputs/mapping/release/mapping.txt
# compiler: R8
# compiler_version: 1.5.64
# min_api: 21
# pg_map_id: 8a497b9
com.example.camera_app.MainActivity -> com.example.camera_app.MainActivity:
    void configureFlutterEngine(io.flutter.embedding.engine.FlutterEngine) -> b
...
io.reactivex.rxjava3.internal.operators.completable.CompletableDoFinally -> g.b.a.e.e.a.e:
    io.reactivex.rxjava3.core.CompletableSource source -> a
    io.reactivex.rxjava3.functions.Action onFinally -> b
    void subscribeActual(io.reactivex.rxjava3.core.CompletableObserver) -> b
io.reactivex.rxjava3.internal.operators.completable.CompletableDoFinally$DoFinallyObserver -> g.b.a.e.e.a.e$a:
    io.reactivex.rxjava3.functions.Action onFinally -> f
    io.reactivex.rxjava3.disposables.Disposable upstream -> g
    io.reactivex.rxjava3.core.CompletableObserver downstream -> e
    void onComplete() -> a
    void onError(java.lang.Throwable) -> a
    void onSubscribe(io.reactivex.rxjava3.disposables.Disposable) -> a
    void runFinally() -> b
io.reactivex.rxjava3.internal.operators.completable.CompletableEmpty -> g.b.a.e.e.a.f:
    io.reactivex.rxjava3.core.Completable INSTANCE -> a
    void subscribeActual(io.reactivex.rxjava3.core.CompletableObserver) -> b
io.reactivex.rxjava3.internal.operators.completable.CompletableError -> g.b.a.e.e.a.g:
    java.lang.Throwable error -> a
    void subscribeActual(io.reactivex.rxjava3.core.CompletableObserver) -> b
io.reactivex.rxjava3.internal.operators.completable.CompletableFromAction -> g.b.a.e.e.a.h:
    io.reactivex.rxjava3.functions.Action run -> a
    void subscribeActual(io.reactivex.rxjava3.core.CompletableObserver) -> b
io.reactivex.rxjava3.internal.operators.completable.CompletableFromSingle -> g.b.a.e.e.a.i:
    io.reactivex.rxjava3.core.SingleSource single -> a
    void subscribeActual(io.reactivex.rxjava3.core.CompletableObserver) -> b
io.reactivex.rxjava3.internal.operators.completable.CompletableFromSingle$CompletableFromSingleObserver -> g.b.a.e.e.a.i$a:
    io.reactivex.rxjava3.core.CompletableObserver co -> e
    void onError(java.lang.Throwable) -> a
    void onSubscribe(io.reactivex.rxjava3.disposables.Disposable) -> a
    void onSuccess(java.lang.Object) -> b
io.reactivex.rxjava3.internal.operators.completable.CompletableOnErrorComplete -> g.b.a.e.e.a.j:
    io.reactivex.rxjava3.core.CompletableSource source -> a
    io.reactivex.rxjava3.functions.Predicate predicate -> b
    void subscribeActual(io.reactivex.rxjava3.core.CompletableObserver) -> b
io.reactivex.rxjava3.internal.operators.completable.CompletableOnErrorComplete$OnError -> g.b.a.e.e.a.j$a:
    io.reactivex.rxjava3.internal.operators.completable.CompletableOnErrorComplete this$0 -> f
    io.reactivex.rxjava3.core.CompletableObserver downstream -> e
    void onComplete() -> a
    void onError(java.lang.Throwable) -> a
    void onSubscribe(io.reactivex.rxjava3.disposables.Disposable) -> a
io.reactivex.rxjava3.internal.operators.completable.CompletablePeek -> g.b.a.e.e.a.k:
    io.reactivex.rxjava3.functions.Action onTerminate -> e
    io.reactivex.rxjava3.core.CompletableSource source -> a
    io.reactivex.rxjava3.functions.Action onComplete -> d
    io.reactivex.rxjava3.functions.Action onDispose -> g
    io.reactivex.rxjava3.functions.Action onAfterTerminate -> f
    io.reactivex.rxjava3.functions.Consumer onSubscribe -> b
    io.reactivex.rxjava3.functions.Consumer onError -> c
    void subscribeActual(io.reactivex.rxjava3.core.CompletableObserver) -> b
io.reactivex.rxjava3.internal.operators.completable.CompletablePeek$CompletableObserverImplementation -> g.b.a.e.e.a.k$a:
    io.reactivex.rxjava3.disposables.Disposable upstream -> f
    io.reactivex.rxjava3.internal.operators.completable.CompletablePeek this$0 -> g
    io.reactivex.rxjava3.core.CompletableObserver downstream -> e
    void onComplete() -> a
    void onError(java.lang.Throwable) -> a
    void onSubscribe(io.reactivex.rxjava3.disposables.Disposable) -> a
    void doAfter() -> b